mode: set
github.com/c-seeger/csv2json/csv2json.go:17.97,22.16 4 1
github.com/c-seeger/csv2json/csv2json.go:26.2,26.22 1 1
github.com/c-seeger/csv2json/csv2json.go:30.2,30.22 1 1
github.com/c-seeger/csv2json/csv2json.go:33.2,33.54 1 1
github.com/c-seeger/csv2json/csv2json.go:22.16,24.3 1 1
github.com/c-seeger/csv2json/csv2json.go:26.22,28.3 1 1
github.com/c-seeger/csv2json/csv2json.go:30.22,32.3 1 1
github.com/c-seeger/csv2json/internals.go:10.105,20.28 5 1
github.com/c-seeger/csv2json/internals.go:60.2,62.21 3 1
github.com/c-seeger/csv2json/internals.go:65.2,65.34 1 1
github.com/c-seeger/csv2json/internals.go:20.28,22.23 2 1
github.com/c-seeger/csv2json/internals.go:45.3,46.38 2 1
github.com/c-seeger/csv2json/internals.go:54.3,55.25 2 1
github.com/c-seeger/csv2json/internals.go:22.23,24.27 2 1
github.com/c-seeger/csv2json/internals.go:38.4,38.20 1 1
github.com/c-seeger/csv2json/internals.go:24.27,26.5 1 1
github.com/c-seeger/csv2json/internals.go:26.10,29.20 3 1
github.com/c-seeger/csv2json/internals.go:29.20,31.6 1 1
github.com/c-seeger/csv2json/internals.go:31.11,31.27 1 1
github.com/c-seeger/csv2json/internals.go:31.27,33.6 1 0
github.com/c-seeger/csv2json/internals.go:33.11,35.6 1 1
github.com/c-seeger/csv2json/internals.go:38.20,40.5 1 1
github.com/c-seeger/csv2json/internals.go:40.10,40.40 1 1
github.com/c-seeger/csv2json/internals.go:40.40,42.5 1 1
github.com/c-seeger/csv2json/internals.go:46.38,48.36 2 1
github.com/c-seeger/csv2json/internals.go:51.4,51.8 1 1
github.com/c-seeger/csv2json/internals.go:48.36,50.5 1 0
github.com/c-seeger/csv2json/internals.go:55.25,57.4 1 1
github.com/c-seeger/csv2json/internals.go:62.21,64.3 1 1
github.com/c-seeger/csv2json/internals.go:68.104,76.28 5 1
github.com/c-seeger/csv2json/internals.go:133.2,133.21 1 1
github.com/c-seeger/csv2json/internals.go:76.28,83.23 3 1
github.com/c-seeger/csv2json/internals.go:106.3,107.38 2 1
github.com/c-seeger/csv2json/internals.go:115.3,117.22 3 1
github.com/c-seeger/csv2json/internals.go:128.3,130.35 2 1
github.com/c-seeger/csv2json/internals.go:83.23,85.27 2 1
github.com/c-seeger/csv2json/internals.go:99.4,99.20 1 1
github.com/c-seeger/csv2json/internals.go:85.27,87.5 1 0
github.com/c-seeger/csv2json/internals.go:87.10,90.20 3 1
github.com/c-seeger/csv2json/internals.go:90.20,92.6 1 1
github.com/c-seeger/csv2json/internals.go:92.11,92.27 1 1
github.com/c-seeger/csv2json/internals.go:92.27,94.6 1 0
github.com/c-seeger/csv2json/internals.go:94.11,96.6 1 1
github.com/c-seeger/csv2json/internals.go:99.20,101.5 1 1
github.com/c-seeger/csv2json/internals.go:101.10,101.40 1 1
github.com/c-seeger/csv2json/internals.go:101.40,103.5 1 1
github.com/c-seeger/csv2json/internals.go:107.38,109.36 2 1
github.com/c-seeger/csv2json/internals.go:112.4,112.8 1 1
github.com/c-seeger/csv2json/internals.go:109.36,111.5 1 0
github.com/c-seeger/csv2json/internals.go:117.22,119.18 2 0
github.com/c-seeger/csv2json/internals.go:119.18,121.5 1 0
github.com/c-seeger/csv2json/internals.go:122.9,124.18 2 1
github.com/c-seeger/csv2json/internals.go:124.18,126.5 1 0
github.com/c-seeger/csv2json/internals.go:137.45,139.35 2 1
github.com/c-seeger/csv2json/internals.go:143.2,143.19 1 1
github.com/c-seeger/csv2json/internals.go:139.35,141.3 1 1
